<?xml version="1.0" encoding="UTF-8"?>
<!-- Generated by org.testng.reporters.JUnitXMLReporter -->
<testsuite ignored="0" hostname="Shubham" failures="0" tests="3" name="Default test" time="24.446" errors="0" timestamp="2025-01-28T13:05:46 IST">
  <testcase classname="TestCases.LoginTestPage" name="loginToApplication" time="1.613"/>
  <testcase classname="TestCases.LoginTestPage" name="verifyTitleofApplication" time="0.104"/>
  <testcase classname="TestCases.LoginTestPage" name="verifyURLofApplication" time="0.103"/>
</testsuite> <!-- Default test -->
