<?xml version="1.0" encoding="UTF-8"?>
<testng-results ignored="5" total="14" passed="9" failed="0" skipped="0">
  <reporter-output>
    <line>
      <![CDATA[URL of the Checkout page 2 = https://www.saucedemo.com/checkout-step-two.html]]>
    </line>
    <line>
      <![CDATA[Checkout Page 1 Url is = https://www.saucedemo.com/checkout-step-one.html]]>
    </line>
    <line>
      <![CDATA[Back to the inventory Page = https://www.saucedemo.com/inventory.html]]>
    </line>
    <line>
      <![CDATA[Title of finish page = Checkout: Complete!]]>
    </line>
    <line>
      <![CDATA[Url of the complete page = https://www.saucedemo.com/checkout-complete.html]]>
    </line>
    <line>
      <![CDATA[Description of items added in Checkout2 page =Description]]>
    </line>
    <line>
      <![CDATA[Final payble amount = Total: $140.34]]>
    </line>
    <line>
      <![CDATA[Payment Details = Payment Information:]]>
    </line>
    <line>
      <![CDATA[Total Price Information = Price Total]]>
    </line>
  </reporter-output>
  <suite started-at="2025-01-28T13:22:36 IST" name="Grouping_Suite" finished-at="2025-01-28T13:23:50 IST" duration-ms="73716">
    <groups>
      <group name="Sanity">
        <method signature="CheckOutPage_1_Test.verifyURLCheckOutPage1Test()[pri:0, instance:TestCases.CheckOutPage_1_Test@cc43f62]" name="verifyURLCheckOutPage1Test" class="TestCases.CheckOutPage_1_Test"/>
        <method signature="CheckOutPage_2_Test.clickOnFinishBtnTest()[pri:0, instance:TestCases.CheckOutPage_2_Test@2b30a42c]" name="clickOnFinishBtnTest" class="TestCases.CheckOutPage_2_Test"/>
        <method signature="CheckOutPage_2_Test.verifyPaymentInformationTest()[pri:0, instance:TestCases.CheckOutPage_2_Test@2b30a42c]" name="verifyPaymentInformationTest" class="TestCases.CheckOutPage_2_Test"/>
        <method signature="CheckOut_Complete_Page_Test.verifyTitleTest()[pri:0, instance:TestCases.CheckOut_Complete_Page_Test@17fc391b]" name="verifyTitleTest" class="TestCases.CheckOut_Complete_Page_Test"/>
      </group> <!-- Sanity -->
      <group name="Retesting">
        <method signature="CheckOutPage_1_Test.inputInformationTest()[pri:0, instance:TestCases.CheckOutPage_1_Test@cc43f62]" name="inputInformationTest" class="TestCases.CheckOutPage_1_Test"/>
        <method signature="CheckOutPage_2_Test.verifyDescriptionoifItemsTest()[pri:0, instance:TestCases.CheckOutPage_2_Test@2b30a42c]" name="verifyDescriptionoifItemsTest" class="TestCases.CheckOutPage_2_Test"/>
        <method signature="CheckOutPage_2_Test.verifyFinalPriceTest()[pri:0, instance:TestCases.CheckOutPage_2_Test@2b30a42c]" name="verifyFinalPriceTest" class="TestCases.CheckOutPage_2_Test"/>
        <method signature="CheckOutPage_2_Test.verifyPaymentInformationTest()[pri:0, instance:TestCases.CheckOutPage_2_Test@2b30a42c]" name="verifyPaymentInformationTest" class="TestCases.CheckOutPage_2_Test"/>
        <method signature="CheckOutPage_2_Test.verifyPriceTotalTest()[pri:0, instance:TestCases.CheckOutPage_2_Test@2b30a42c]" name="verifyPriceTotalTest" class="TestCases.CheckOutPage_2_Test"/>
        <method signature="CheckOut_Complete_Page_Test.verifyBackHomeBtnTest()[pri:0, instance:TestCases.CheckOut_Complete_Page_Test@17fc391b]" name="verifyBackHomeBtnTest" class="TestCases.CheckOut_Complete_Page_Test"/>
      </group> <!-- Retesting -->
    </groups>
    <test started-at="2025-01-28T13:22:36 IST" name="Group_of_3_Test" finished-at="2025-01-28T13:23:50 IST" duration-ms="73716">
      <class name="TestCases.CheckOut_Complete_Page_Test">
        <test-method is-config="true" signature="setup()[pri:0, instance:TestCases.CheckOut_Complete_Page_Test@17fc391b]" started-at="2025-01-28T13:22:55 IST" name="setup" finished-at="2025-01-28T13:23:02 IST" duration-ms="7702" status="PASS">
          <reporter-output>
          </reporter-output>
        </test-method> <!-- setup -->
        <test-method signature="verifyBackHomeBtnTest()[pri:0, instance:TestCases.CheckOut_Complete_Page_Test@17fc391b]" started-at="2025-01-28T13:23:02 IST" name="verifyBackHomeBtnTest" finished-at="2025-01-28T13:23:03 IST" duration-ms="123" status="PASS">
          <reporter-output>
            <line>
              <![CDATA[Back to the inventory Page = https://www.saucedemo.com/inventory.html]]>
            </line>
          </reporter-output>
        </test-method> <!-- verifyBackHomeBtnTest -->
        <test-method is-config="true" signature="CloseBrowser(org.testng.ITestResult)[pri:0, instance:TestCases.CheckOut_Complete_Page_Test@17fc391b]" started-at="2025-01-28T13:23:03 IST" name="CloseBrowser" finished-at="2025-01-28T13:23:03 IST" duration-ms="300" status="PASS">
          <params>
            <param index="0">
              <value>
                <![CDATA[[TestResult name=verifyBackHomeBtnTest status=SUCCESS method=CheckOut_Complete_Page_Test.verifyBackHomeBtnTest()[pri:0, instance:TestCases.CheckOut_Complete_Page_Test@17fc391b] output=Back to the inventory Page = https://www.saucedemo.com/inventory.html]]]>
              </value>
            </param>
          </params>
          <reporter-output>
          </reporter-output>
        </test-method> <!-- CloseBrowser -->
        <test-method is-config="true" signature="setup()[pri:0, instance:TestCases.CheckOut_Complete_Page_Test@17fc391b]" started-at="2025-01-28T13:23:03 IST" name="setup" finished-at="2025-01-28T13:23:10 IST" duration-ms="7613" status="PASS">
          <reporter-output>
          </reporter-output>
        </test-method> <!-- setup -->
        <test-method signature="verifyTitleTest()[pri:0, instance:TestCases.CheckOut_Complete_Page_Test@17fc391b]" started-at="2025-01-28T13:23:10 IST" name="verifyTitleTest" finished-at="2025-01-28T13:23:11 IST" duration-ms="33" status="PASS">
          <reporter-output>
            <line>
              <![CDATA[Title of finish page = Checkout: Complete!]]>
            </line>
          </reporter-output>
        </test-method> <!-- verifyTitleTest -->
        <test-method is-config="true" signature="CloseBrowser(org.testng.ITestResult)[pri:0, instance:TestCases.CheckOut_Complete_Page_Test@17fc391b]" started-at="2025-01-28T13:23:11 IST" name="CloseBrowser" finished-at="2025-01-28T13:23:11 IST" duration-ms="290" status="PASS">
          <params>
            <param index="0">
              <value>
                <![CDATA[[TestResult name=verifyTitleTest status=SUCCESS method=CheckOut_Complete_Page_Test.verifyTitleTest()[pri:0, instance:TestCases.CheckOut_Complete_Page_Test@17fc391b] output=Title of finish page = Checkout: Complete!]]]>
              </value>
            </param>
          </params>
          <reporter-output>
          </reporter-output>
        </test-method> <!-- CloseBrowser -->
      </class> <!-- TestCases.CheckOut_Complete_Page_Test -->
      <class name="TestCases.CheckOutPage_1_Test">
        <test-method is-config="true" signature="setup()[pri:0, instance:TestCases.CheckOutPage_1_Test@cc43f62]" started-at="2025-01-28T13:22:36 IST" name="setup" finished-at="2025-01-28T13:22:46 IST" duration-ms="10159" status="PASS">
          <reporter-output>
          </reporter-output>
        </test-method> <!-- setup -->
        <test-method signature="inputInformationTest()[pri:0, instance:TestCases.CheckOutPage_1_Test@cc43f62]" started-at="2025-01-28T13:22:46 IST" name="inputInformationTest" finished-at="2025-01-28T13:22:47 IST" duration-ms="504" status="PASS">
          <reporter-output>
            <line>
              <![CDATA[URL of the Checkout page 2 = https://www.saucedemo.com/checkout-step-two.html]]>
            </line>
          </reporter-output>
        </test-method> <!-- inputInformationTest -->
        <test-method is-config="true" signature="CloseBrowser(org.testng.ITestResult)[pri:0, instance:TestCases.CheckOutPage_1_Test@cc43f62]" started-at="2025-01-28T13:22:47 IST" name="CloseBrowser" finished-at="2025-01-28T13:22:47 IST" duration-ms="304" status="PASS">
          <params>
            <param index="0">
              <value>
                <![CDATA[[TestResult name=inputInformationTest status=SUCCESS method=CheckOutPage_1_Test.inputInformationTest()[pri:0, instance:TestCases.CheckOutPage_1_Test@cc43f62] output=URL of the Checkout page 2 = https://www.saucedemo.com/checkout-step-two.html]]]>
              </value>
            </param>
          </params>
          <reporter-output>
          </reporter-output>
        </test-method> <!-- CloseBrowser -->
        <test-method is-config="true" signature="setup()[pri:0, instance:TestCases.CheckOutPage_1_Test@cc43f62]" started-at="2025-01-28T13:22:47 IST" name="setup" finished-at="2025-01-28T13:22:54 IST" duration-ms="7059" status="PASS">
          <reporter-output>
          </reporter-output>
        </test-method> <!-- setup -->
        <test-method signature="verifyURLCheckOutPage1Test()[pri:0, instance:TestCases.CheckOutPage_1_Test@cc43f62]" started-at="2025-01-28T13:22:54 IST" name="verifyURLCheckOutPage1Test" finished-at="2025-01-28T13:22:54 IST" duration-ms="11" status="PASS">
          <reporter-output>
            <line>
              <![CDATA[Checkout Page 1 Url is = https://www.saucedemo.com/checkout-step-one.html]]>
            </line>
          </reporter-output>
        </test-method> <!-- verifyURLCheckOutPage1Test -->
        <test-method is-config="true" signature="CloseBrowser(org.testng.ITestResult)[pri:0, instance:TestCases.CheckOutPage_1_Test@cc43f62]" started-at="2025-01-28T13:22:54 IST" name="CloseBrowser" finished-at="2025-01-28T13:22:55 IST" duration-ms="382" status="PASS">
          <params>
            <param index="0">
              <value>
                <![CDATA[[TestResult name=verifyURLCheckOutPage1Test status=SUCCESS method=CheckOutPage_1_Test.verifyURLCheckOutPage1Test()[pri:0, instance:TestCases.CheckOutPage_1_Test@cc43f62] output=Checkout Page 1 Url is = https://www.saucedemo.com/checkout-step-one.html]]]>
              </value>
            </param>
          </params>
          <reporter-output>
          </reporter-output>
        </test-method> <!-- CloseBrowser -->
      </class> <!-- TestCases.CheckOutPage_1_Test -->
      <class name="TestCases.CheckOutPage_2_Test">
        <test-method is-config="true" signature="setup()[pri:0, instance:TestCases.CheckOutPage_2_Test@2b30a42c]" started-at="2025-01-28T13:23:11 IST" name="setup" finished-at="2025-01-28T13:23:18 IST" duration-ms="7385" status="PASS">
          <reporter-output>
          </reporter-output>
        </test-method> <!-- setup -->
        <test-method signature="clickOnFinishBtnTest()[pri:0, instance:TestCases.CheckOutPage_2_Test@2b30a42c]" started-at="2025-01-28T13:23:18 IST" name="clickOnFinishBtnTest" finished-at="2025-01-28T13:23:18 IST" duration-ms="109" status="PASS">
          <reporter-output>
            <line>
              <![CDATA[Url of the complete page = https://www.saucedemo.com/checkout-complete.html]]>
            </line>
          </reporter-output>
        </test-method> <!-- clickOnFinishBtnTest -->
        <test-method is-config="true" signature="CloseBrowser(org.testng.ITestResult)[pri:0, instance:TestCases.CheckOutPage_2_Test@2b30a42c]" started-at="2025-01-28T13:23:18 IST" name="CloseBrowser" finished-at="2025-01-28T13:23:19 IST" duration-ms="310" status="PASS">
          <params>
            <param index="0">
              <value>
                <![CDATA[[TestResult name=clickOnFinishBtnTest status=SUCCESS method=CheckOutPage_2_Test.clickOnFinishBtnTest()[pri:0, instance:TestCases.CheckOutPage_2_Test@2b30a42c] output=Url of the complete page = https://www.saucedemo.com/checkout-complete.html]]]>
              </value>
            </param>
          </params>
          <reporter-output>
          </reporter-output>
        </test-method> <!-- CloseBrowser -->
        <test-method is-config="true" signature="setup()[pri:0, instance:TestCases.CheckOutPage_2_Test@2b30a42c]" started-at="2025-01-28T13:23:19 IST" name="setup" finished-at="2025-01-28T13:23:26 IST" duration-ms="7462" status="PASS">
          <reporter-output>
          </reporter-output>
        </test-method> <!-- setup -->
        <test-method signature="verifyDescriptionoifItemsTest()[pri:0, instance:TestCases.CheckOutPage_2_Test@2b30a42c]" started-at="2025-01-28T13:23:26 IST" name="verifyDescriptionoifItemsTest" finished-at="2025-01-28T13:23:26 IST" duration-ms="31" status="PASS">
          <reporter-output>
            <line>
              <![CDATA[Description of items added in Checkout2 page =Description]]>
            </line>
          </reporter-output>
        </test-method> <!-- verifyDescriptionoifItemsTest -->
        <test-method is-config="true" signature="CloseBrowser(org.testng.ITestResult)[pri:0, instance:TestCases.CheckOutPage_2_Test@2b30a42c]" started-at="2025-01-28T13:23:26 IST" name="CloseBrowser" finished-at="2025-01-28T13:23:26 IST" duration-ms="287" status="PASS">
          <params>
            <param index="0">
              <value>
                <![CDATA[[TestResult name=verifyDescriptionoifItemsTest status=SUCCESS method=CheckOutPage_2_Test.verifyDescriptionoifItemsTest()[pri:0, instance:TestCases.CheckOutPage_2_Test@2b30a42c] output=Description of items added in Checkout2 page =Description]]]>
              </value>
            </param>
          </params>
          <reporter-output>
          </reporter-output>
        </test-method> <!-- CloseBrowser -->
        <test-method is-config="true" signature="setup()[pri:0, instance:TestCases.CheckOutPage_2_Test@2b30a42c]" started-at="2025-01-28T13:23:26 IST" name="setup" finished-at="2025-01-28T13:23:34 IST" duration-ms="7496" status="PASS">
          <reporter-output>
          </reporter-output>
        </test-method> <!-- setup -->
        <test-method signature="verifyFinalPriceTest()[pri:0, instance:TestCases.CheckOutPage_2_Test@2b30a42c]" started-at="2025-01-28T13:23:34 IST" name="verifyFinalPriceTest" finished-at="2025-01-28T13:23:34 IST" duration-ms="34" status="PASS">
          <reporter-output>
            <line>
              <![CDATA[Final payble amount = Total: $140.34]]>
            </line>
          </reporter-output>
        </test-method> <!-- verifyFinalPriceTest -->
        <test-method is-config="true" signature="CloseBrowser(org.testng.ITestResult)[pri:0, instance:TestCases.CheckOutPage_2_Test@2b30a42c]" started-at="2025-01-28T13:23:34 IST" name="CloseBrowser" finished-at="2025-01-28T13:23:34 IST" duration-ms="315" status="PASS">
          <params>
            <param index="0">
              <value>
                <![CDATA[[TestResult name=verifyFinalPriceTest status=SUCCESS method=CheckOutPage_2_Test.verifyFinalPriceTest()[pri:0, instance:TestCases.CheckOutPage_2_Test@2b30a42c] output=Final payble amount = Total: $140.34]]]>
              </value>
            </param>
          </params>
          <reporter-output>
          </reporter-output>
        </test-method> <!-- CloseBrowser -->
        <test-method is-config="true" signature="setup()[pri:0, instance:TestCases.CheckOutPage_2_Test@2b30a42c]" started-at="2025-01-28T13:23:34 IST" name="setup" finished-at="2025-01-28T13:23:42 IST" duration-ms="7421" status="PASS">
          <reporter-output>
          </reporter-output>
        </test-method> <!-- setup -->
        <test-method signature="verifyPaymentInformationTest()[pri:0, instance:TestCases.CheckOutPage_2_Test@2b30a42c]" started-at="2025-01-28T13:23:42 IST" name="verifyPaymentInformationTest" finished-at="2025-01-28T13:23:42 IST" duration-ms="33" status="PASS">
          <reporter-output>
            <line>
              <![CDATA[Payment Details = Payment Information:]]>
            </line>
          </reporter-output>
        </test-method> <!-- verifyPaymentInformationTest -->
        <test-method is-config="true" signature="CloseBrowser(org.testng.ITestResult)[pri:0, instance:TestCases.CheckOutPage_2_Test@2b30a42c]" started-at="2025-01-28T13:23:42 IST" name="CloseBrowser" finished-at="2025-01-28T13:23:42 IST" duration-ms="275" status="PASS">
          <params>
            <param index="0">
              <value>
                <![CDATA[[TestResult name=verifyPaymentInformationTest status=SUCCESS method=CheckOutPage_2_Test.verifyPaymentInformationTest()[pri:0, instance:TestCases.CheckOutPage_2_Test@2b30a42c] output=Payment Details = Payment Information:]]]>
              </value>
            </param>
          </params>
          <reporter-output>
          </reporter-output>
        </test-method> <!-- CloseBrowser -->
        <test-method is-config="true" signature="setup()[pri:0, instance:TestCases.CheckOutPage_2_Test@2b30a42c]" started-at="2025-01-28T13:23:42 IST" name="setup" finished-at="2025-01-28T13:23:50 IST" duration-ms="7661" status="PASS">
          <reporter-output>
          </reporter-output>
        </test-method> <!-- setup -->
        <test-method signature="verifyPriceTotalTest()[pri:0, instance:TestCases.CheckOutPage_2_Test@2b30a42c]" started-at="2025-01-28T13:23:50 IST" name="verifyPriceTotalTest" finished-at="2025-01-28T13:23:50 IST" duration-ms="30" status="PASS">
          <reporter-output>
            <line>
              <![CDATA[Total Price Information = Price Total]]>
            </line>
          </reporter-output>
        </test-method> <!-- verifyPriceTotalTest -->
        <test-method is-config="true" signature="CloseBrowser(org.testng.ITestResult)[pri:0, instance:TestCases.CheckOutPage_2_Test@2b30a42c]" started-at="2025-01-28T13:23:50 IST" name="CloseBrowser" finished-at="2025-01-28T13:23:50 IST" duration-ms="243" status="PASS">
          <params>
            <param index="0">
              <value>
                <![CDATA[[TestResult name=verifyPriceTotalTest status=SUCCESS method=CheckOutPage_2_Test.verifyPriceTotalTest()[pri:0, instance:TestCases.CheckOutPage_2_Test@2b30a42c] output=Total Price Information = Price Total]]]>
              </value>
            </param>
          </params>
          <reporter-output>
          </reporter-output>
        </test-method> <!-- CloseBrowser -->
      </class> <!-- TestCases.CheckOutPage_2_Test -->
    </test> <!-- Group_of_3_Test -->
  </suite> <!-- Grouping_Suite -->
</testng-results>
