<?xml version="1.0" encoding="UTF-8"?>
<!-- Generated by org.testng.reporters.JUnitXMLReporter -->
<testsuite ignored="5" hostname="Shubham" failures="0" tests="9" name="Group_of_3_Test" time="73.716" errors="0" timestamp="2025-01-28T13:23:50 IST">
  <testcase classname="TestCases.CheckOutPage_1_Test" name="inputInformationTest" time="0.504"/>
  <testcase classname="TestCases.CheckOutPage_1_Test" name="verifyURLCheckOutPage1Test" time="0.011"/>
  <testcase classname="TestCases.CheckOut_Complete_Page_Test" name="verifyBackHomeBtnTest" time="0.123"/>
  <testcase classname="TestCases.CheckOut_Complete_Page_Test" name="verifyTitleTest" time="0.033"/>
  <testcase classname="TestCases.CheckOutPage_2_Test" name="clickOnFinishBtnTest" time="0.109"/>
  <testcase classname="TestCases.CheckOutPage_2_Test" name="verifyDescriptionoifItemsTest" time="0.031"/>
  <testcase classname="TestCases.CheckOutPage_2_Test" name="verifyFinalPriceTest" time="0.034"/>
  <testcase classname="TestCases.CheckOutPage_2_Test" name="verifyPaymentInformationTest" time="0.033"/>
  <testcase classname="TestCases.CheckOutPage_2_Test" name="verifyPriceTotalTest" time="0.03"/>
  <testcase classname="TestCases.CheckOutPage_1_Test" name="verifyTitleOfApplicationTest" time="0.0">
    <ignored/>
  </testcase> <!-- verifyTitleOfApplicationTest -->
  <testcase classname="TestCases.CheckOutPage_2_Test" name="ClickOnCancelBtnTest" time="0.0">
    <ignored/>
  </testcase> <!-- ClickOnCancelBtnTest -->
  <testcase classname="TestCases.CheckOutPage_2_Test" name="verifyLableTest" time="0.0">
    <ignored/>
  </testcase> <!-- verifyLableTest -->
  <testcase classname="TestCases.CheckOutPage_2_Test" name="verifyShippingInformationTest" time="0.0">
    <ignored/>
  </testcase> <!-- verifyShippingInformationTest -->
  <testcase classname="TestCases.CheckOut_Complete_Page_Test" name="verifyThankYouMsgTest" time="0.0">
    <ignored/>
  </testcase> <!-- verifyThankYouMsgTest -->
</testsuite> <!-- Group_of_3_Test -->
